Start testing: Dec 16 12:28 Фінляндія (зима)
----------------------------------------------------------
1/1 Testing: unit_tests
1/1 Test: unit_tests
Command: "D:/csad2526ki407oleksiukmarkoandriiovych18/build/Release/unit_tests.exe"
Directory: D:/csad2526ki407oleksiukmarkoandriiovych18/build
"unit_tests" start time: Dec 16 12:28 Фінляндія (зима)
Output:
----------------------------------------------------------
Running main() from D:\csad2526ki407oleksiukmarkoandriiovych18\build\_deps\googletest-src\googletest\src\gtest_main.cc
[==========] Running 4 tests from 1 test suite.
[----------] Global test environment set-up.
[----------] 4 tests from AdditionTests
[ RUN      ] AdditionTests.PositiveNumbers
[       OK ] AdditionTests.PositiveNumbers (0 ms)
[ RUN      ] AdditionTests.NegativeNumbers
[       OK ] AdditionTests.NegativeNumbers (0 ms)
[ RUN      ] AdditionTests.Zero
[       OK ] AdditionTests.Zero (0 ms)
[ RUN      ] AdditionTests.LargeNumbers
[       OK ] AdditionTests.LargeNumbers (0 ms)
[----------] 4 tests from AdditionTests (0 ms total)

[----------] Global test environment tear-down
[==========] 4 tests from 1 test suite ran. (0 ms total)
[  PASSED  ] 4 tests.
<end of output>
Test time =   0.03 sec
----------------------------------------------------------
Test Passed.
"unit_tests" end time: Dec 16 12:28 Фінляндія (зима)
"unit_tests" time elapsed: 00:00:00
----------------------------------------------------------

End testing: Dec 16 12:28 Фінляндія (зима)
